mode: set
group-project/dolan-planner/usecase/attendees/attendees.go:12.117,16.2 1 1
group-project/dolan-planner/usecase/attendees/attendees.go:18.101,21.2 2 1
group-project/dolan-planner/usecase/attendees/attendees.go:22.93,25.2 2 1
group-project/dolan-planner/usecase/attendees/attendees.go:27.88,30.2 2 1
group-project/dolan-planner/usecase/attendees/attendees.go:32.97,35.2 2 1
group-project/dolan-planner/usecase/comment/comment.go:12.107,16.2 1 1
group-project/dolan-planner/usecase/comment/comment.go:18.127,22.2 2 1
group-project/dolan-planner/usecase/comment/comment.go:23.82,26.2 2 1
group-project/dolan-planner/usecase/auth/auth.go:11.92,15.2 1 1
group-project/dolan-planner/usecase/auth/auth.go:17.78,20.2 2 1
group-project/dolan-planner/usecase/event/event.go:15.147,20.2 1 1
group-project/dolan-planner/usecase/event/event.go:22.102,28.23 3 1
group-project/dolan-planner/usecase/event/event.go:31.2,35.30 3 1
group-project/dolan-planner/usecase/event/event.go:38.2,38.30 1 1
group-project/dolan-planner/usecase/event/event.go:41.2,41.35 1 1
group-project/dolan-planner/usecase/event/event.go:44.2,44.29 1 1
group-project/dolan-planner/usecase/event/event.go:47.2,47.32 1 1
group-project/dolan-planner/usecase/event/event.go:50.2,50.29 1 1
group-project/dolan-planner/usecase/event/event.go:53.2,53.28 1 1
group-project/dolan-planner/usecase/event/event.go:57.2,57.25 1 1
group-project/dolan-planner/usecase/event/event.go:28.23,30.3 1 1
group-project/dolan-planner/usecase/event/event.go:35.30,37.3 1 0
group-project/dolan-planner/usecase/event/event.go:38.30,40.3 1 0
group-project/dolan-planner/usecase/event/event.go:41.35,43.3 1 0
group-project/dolan-planner/usecase/event/event.go:44.29,46.3 1 0
group-project/dolan-planner/usecase/event/event.go:47.32,49.3 1 0
group-project/dolan-planner/usecase/event/event.go:50.29,52.3 1 0
group-project/dolan-planner/usecase/event/event.go:53.28,55.3 1 0
group-project/dolan-planner/usecase/event/event.go:60.92,63.2 2 1
group-project/dolan-planner/usecase/event/event.go:65.77,68.2 2 1
group-project/dolan-planner/usecase/event/event.go:70.118,72.16 2 1
group-project/dolan-planner/usecase/event/event.go:75.2,75.15 1 1
group-project/dolan-planner/usecase/event/event.go:78.2,78.39 1 1
group-project/dolan-planner/usecase/event/event.go:81.2,81.33 1 1
group-project/dolan-planner/usecase/event/event.go:84.2,84.33 1 1
group-project/dolan-planner/usecase/event/event.go:87.2,87.38 1 1
group-project/dolan-planner/usecase/event/event.go:90.2,90.31 1 1
group-project/dolan-planner/usecase/event/event.go:93.2,93.32 1 1
group-project/dolan-planner/usecase/event/event.go:96.2,96.35 1 1
group-project/dolan-planner/usecase/event/event.go:99.2,99.32 1 1
group-project/dolan-planner/usecase/event/event.go:103.2,104.25 2 1
group-project/dolan-planner/usecase/event/event.go:72.16,74.3 1 1
group-project/dolan-planner/usecase/event/event.go:75.15,77.3 1 0
group-project/dolan-planner/usecase/event/event.go:78.39,80.3 1 0
group-project/dolan-planner/usecase/event/event.go:81.33,83.3 1 1
group-project/dolan-planner/usecase/event/event.go:84.33,86.3 1 1
group-project/dolan-planner/usecase/event/event.go:87.38,89.3 1 1
group-project/dolan-planner/usecase/event/event.go:90.31,92.3 1 0
group-project/dolan-planner/usecase/event/event.go:93.32,95.3 1 1
group-project/dolan-planner/usecase/event/event.go:96.35,98.3 1 1
group-project/dolan-planner/usecase/event/event.go:99.32,101.3 1 1
group-project/dolan-planner/usecase/event/event.go:107.59,110.2 2 1
group-project/dolan-planner/usecase/event/event.go:112.89,115.2 2 1
group-project/dolan-planner/usecase/user/user.go:14.92,18.2 1 1
group-project/dolan-planner/usecase/user/user.go:20.80,25.21 4 1
group-project/dolan-planner/usecase/user/user.go:28.2,28.21 1 1
group-project/dolan-planner/usecase/user/user.go:31.2,31.22 1 1
group-project/dolan-planner/usecase/user/user.go:34.2,34.25 1 1
group-project/dolan-planner/usecase/user/user.go:38.2,38.24 1 1
group-project/dolan-planner/usecase/user/user.go:25.21,27.3 1 1
group-project/dolan-planner/usecase/user/user.go:28.21,30.3 1 1
group-project/dolan-planner/usecase/user/user.go:31.22,33.3 1 1
group-project/dolan-planner/usecase/user/user.go:34.25,36.3 1 0
group-project/dolan-planner/usecase/user/user.go:41.75,44.2 2 1
group-project/dolan-planner/usecase/user/user.go:46.100,50.16 4 1
group-project/dolan-planner/usecase/user/user.go:53.2,53.15 1 1
group-project/dolan-planner/usecase/user/user.go:56.2,56.27 1 1
group-project/dolan-planner/usecase/user/user.go:59.2,59.28 1 1
group-project/dolan-planner/usecase/user/user.go:62.2,62.31 1 1
group-project/dolan-planner/usecase/user/user.go:65.2,65.27 1 1
group-project/dolan-planner/usecase/user/user.go:68.2,68.31 1 1
group-project/dolan-planner/usecase/user/user.go:72.2,73.42 2 1
group-project/dolan-planner/usecase/user/user.go:50.16,52.3 1 1
group-project/dolan-planner/usecase/user/user.go:53.15,55.3 1 0
group-project/dolan-planner/usecase/user/user.go:56.27,58.3 1 1
group-project/dolan-planner/usecase/user/user.go:59.28,61.3 1 0
group-project/dolan-planner/usecase/user/user.go:62.31,64.3 1 1
group-project/dolan-planner/usecase/user/user.go:65.27,67.3 1 0
group-project/dolan-planner/usecase/user/user.go:68.31,70.3 1 0
group-project/dolan-planner/usecase/user/user.go:76.57,79.2 2 1
