mode: set
group-project/dolan-planner/usecase/attendees/attendees.go:12.117,16.2 1 0
group-project/dolan-planner/usecase/attendees/attendees.go:18.101,21.2 2 0
group-project/dolan-planner/usecase/attendees/attendees.go:22.93,25.2 2 0
group-project/dolan-planner/usecase/attendees/attendees.go:27.88,30.2 2 0
group-project/dolan-planner/usecase/attendees/attendees.go:32.97,35.2 2 0
group-project/dolan-planner/usecase/auth/auth.go:11.92,15.2 1 1
group-project/dolan-planner/usecase/auth/auth.go:17.78,20.2 2 1
group-project/dolan-planner/usecase/user/user.go:14.92,18.2 1 1
group-project/dolan-planner/usecase/user/user.go:20.80,25.21 4 1
group-project/dolan-planner/usecase/user/user.go:28.2,28.21 1 1
group-project/dolan-planner/usecase/user/user.go:31.2,31.22 1 1
group-project/dolan-planner/usecase/user/user.go:34.2,34.25 1 1
group-project/dolan-planner/usecase/user/user.go:38.2,38.24 1 1
group-project/dolan-planner/usecase/user/user.go:25.21,27.3 1 1
group-project/dolan-planner/usecase/user/user.go:28.21,30.3 1 1
group-project/dolan-planner/usecase/user/user.go:31.22,33.3 1 1
group-project/dolan-planner/usecase/user/user.go:34.25,36.3 1 0
group-project/dolan-planner/usecase/user/user.go:41.75,44.2 2 1
group-project/dolan-planner/usecase/user/user.go:46.100,50.16 4 1
group-project/dolan-planner/usecase/user/user.go:53.2,53.15 1 1
group-project/dolan-planner/usecase/user/user.go:56.2,56.27 1 1
group-project/dolan-planner/usecase/user/user.go:59.2,59.28 1 1
group-project/dolan-planner/usecase/user/user.go:62.2,62.31 1 1
group-project/dolan-planner/usecase/user/user.go:65.2,65.27 1 1
group-project/dolan-planner/usecase/user/user.go:68.2,68.31 1 1
group-project/dolan-planner/usecase/user/user.go:72.2,73.42 2 1
group-project/dolan-planner/usecase/user/user.go:50.16,52.3 1 1
group-project/dolan-planner/usecase/user/user.go:53.15,55.3 1 0
group-project/dolan-planner/usecase/user/user.go:56.27,58.3 1 1
group-project/dolan-planner/usecase/user/user.go:59.28,61.3 1 0
group-project/dolan-planner/usecase/user/user.go:62.31,64.3 1 1
group-project/dolan-planner/usecase/user/user.go:65.27,67.3 1 0
group-project/dolan-planner/usecase/user/user.go:68.31,70.3 1 0
group-project/dolan-planner/usecase/user/user.go:76.57,79.2 2 1
